c:\users\filip\source\repos\moleware\moleware\x64\debug\hde64.nativecodeanalysis.sarif
c:\users\filip\source\repos\moleware\moleware\x64\debug\hde64.nativecodeanalysis.xml
c:\users\filip\source\repos\moleware\moleware\x64\debug\hde64.obj
c:\users\filip\source\repos\moleware\moleware\x64\debug\buffer.nativecodeanalysis.sarif
c:\users\filip\source\repos\moleware\moleware\x64\debug\buffer.nativecodeanalysis.xml
c:\users\filip\source\repos\moleware\moleware\x64\debug\buffer.obj
c:\users\filip\source\repos\moleware\moleware\x64\debug\trampoline.nativecodeanalysis.sarif
c:\users\filip\source\repos\moleware\moleware\x64\debug\trampoline.nativecodeanalysis.xml
c:\users\filip\source\repos\moleware\moleware\x64\debug\trampoline.obj
c:\users\filip\source\repos\moleware\moleware\x64\debug\hde32.nativecodeanalysis.sarif
c:\users\filip\source\repos\moleware\moleware\x64\debug\hde32.nativecodeanalysis.xml
c:\users\filip\source\repos\moleware\moleware\x64\debug\hde32.obj
c:\users\filip\source\repos\moleware\moleware\x64\debug\hook.nativecodeanalysis.sarif
c:\users\filip\source\repos\moleware\moleware\x64\debug\hook.nativecodeanalysis.xml
c:\users\filip\source\repos\moleware\moleware\x64\debug\hook.obj
c:\users\filip\source\repos\moleware\moleware\x64\debug\imgui.nativecodeanalysis.sarif
c:\users\filip\source\repos\moleware\moleware\x64\debug\imgui.nativecodeanalysis.xml
c:\users\filip\source\repos\moleware\moleware\x64\debug\imgui.obj
c:\users\filip\source\repos\moleware\moleware\x64\debug\debug.nativecodeanalysis.sarif
c:\users\filip\source\repos\moleware\moleware\x64\debug\debug.nativecodeanalysis.xml
c:\users\filip\source\repos\moleware\moleware\x64\debug\debug.obj
c:\users\filip\source\repos\moleware\moleware\x64\debug\playerhook.nativecodeanalysis.sarif
c:\users\filip\source\repos\moleware\moleware\x64\debug\playerhook.nativecodeanalysis.xml
c:\users\filip\source\repos\moleware\moleware\x64\debug\playerhook.obj
c:\users\filip\source\repos\moleware\moleware\x64\debug\imgui_impl_win32.nativecodeanalysis.sarif
c:\users\filip\source\repos\moleware\moleware\x64\debug\imgui_impl_win32.nativecodeanalysis.xml
c:\users\filip\source\repos\moleware\moleware\x64\debug\imgui_impl_win32.obj
c:\users\filip\source\repos\moleware\moleware\x64\debug\utlhash.nativecodeanalysis.sarif
c:\users\filip\source\repos\moleware\moleware\x64\debug\utlhash.nativecodeanalysis.xml
c:\users\filip\source\repos\moleware\moleware\x64\debug\utlhash.obj
c:\users\filip\source\repos\moleware\moleware\x64\debug\keyvalues.nativecodeanalysis.sarif
c:\users\filip\source\repos\moleware\moleware\x64\debug\keyvalues.nativecodeanalysis.xml
c:\users\filip\source\repos\moleware\moleware\x64\debug\keyvalues.obj
c:\users\filip\source\repos\moleware\moleware\x64\debug\antiflash.nativecodeanalysis.sarif
c:\users\filip\source\repos\moleware\moleware\x64\debug\antiflash.nativecodeanalysis.xml
c:\users\filip\source\repos\moleware\moleware\x64\debug\antiflash.obj
c:\users\filip\source\repos\moleware\moleware\x64\debug\keybinds.nativecodeanalysis.sarif
c:\users\filip\source\repos\moleware\moleware\x64\debug\keybinds.nativecodeanalysis.xml
c:\users\filip\source\repos\moleware\moleware\x64\debug\keybinds.obj
c:\users\filip\source\repos\moleware\moleware\x64\debug\players.nativecodeanalysis.sarif
c:\users\filip\source\repos\moleware\moleware\x64\debug\players.nativecodeanalysis.xml
c:\users\filip\source\repos\moleware\moleware\x64\debug\players.obj
c:\users\filip\source\repos\moleware\moleware\x64\debug\visuals.nativecodeanalysis.sarif
c:\users\filip\source\repos\moleware\moleware\x64\debug\visuals.nativecodeanalysis.xml
c:\users\filip\source\repos\moleware\moleware\x64\debug\visuals.obj
c:\users\filip\source\repos\moleware\moleware\x64\debug\imgui_draw.nativecodeanalysis.sarif
c:\users\filip\source\repos\moleware\moleware\x64\debug\imgui_draw.nativecodeanalysis.xml
c:\users\filip\source\repos\moleware\moleware\x64\debug\imgui_draw.obj
c:\users\filip\source\repos\moleware\moleware\x64\debug\c_csplayerpawn.nativecodeanalysis.sarif
c:\users\filip\source\repos\moleware\moleware\x64\debug\c_csplayerpawn.nativecodeanalysis.xml
c:\users\filip\source\repos\moleware\moleware\x64\debug\c_csplayerpawn.obj
c:\users\filip\source\repos\moleware\moleware\x64\debug\interfaces.nativecodeanalysis.sarif
c:\users\filip\source\repos\moleware\moleware\x64\debug\interfaces.nativecodeanalysis.xml
c:\users\filip\source\repos\moleware\moleware\x64\debug\interfaces.obj
c:\users\filip\source\repos\moleware\moleware\x64\debug\log.nativecodeanalysis.sarif
c:\users\filip\source\repos\moleware\moleware\x64\debug\log.nativecodeanalysis.xml
c:\users\filip\source\repos\moleware\moleware\x64\debug\log.obj
c:\users\filip\source\repos\moleware\moleware\x64\debug\module.nativecodeanalysis.sarif
c:\users\filip\source\repos\moleware\moleware\x64\debug\module.nativecodeanalysis.xml
c:\users\filip\source\repos\moleware\moleware\x64\debug\module.obj
c:\users\filip\source\repos\moleware\moleware\x64\debug\imgui_impl_dx11.nativecodeanalysis.sarif
c:\users\filip\source\repos\moleware\moleware\x64\debug\imgui_impl_dx11.nativecodeanalysis.xml
c:\users\filip\source\repos\moleware\moleware\x64\debug\imgui_impl_dx11.obj
c:\users\filip\source\repos\moleware\moleware\x64\debug\c_csweaponbase.nativecodeanalysis.sarif
c:\users\filip\source\repos\moleware\moleware\x64\debug\c_csweaponbase.nativecodeanalysis.xml
c:\users\filip\source\repos\moleware\moleware\x64\debug\c_csweaponbase.obj
c:\users\filip\source\repos\moleware\moleware\x64\debug\config.nativecodeanalysis.sarif
c:\users\filip\source\repos\moleware\moleware\x64\debug\config.nativecodeanalysis.xml
c:\users\filip\source\repos\moleware\moleware\x64\debug\config.obj
c:\users\filip\source\repos\moleware\moleware\x64\debug\world.nativecodeanalysis.sarif
c:\users\filip\source\repos\moleware\moleware\x64\debug\world.nativecodeanalysis.xml
c:\users\filip\source\repos\moleware\moleware\x64\debug\world.obj
c:\users\filip\source\repos\moleware\moleware\x64\debug\moleware.nativecodeanalysis.sarif
c:\users\filip\source\repos\moleware\moleware\x64\debug\moleware.nativecodeanalysis.xml
c:\users\filip\source\repos\moleware\moleware\x64\debug\moleware.obj
c:\users\filip\source\repos\moleware\moleware\x64\debug\kiero.nativecodeanalysis.sarif
c:\users\filip\source\repos\moleware\moleware\x64\debug\kiero.nativecodeanalysis.xml
c:\users\filip\source\repos\moleware\moleware\x64\debug\kiero.obj
c:\users\filip\source\repos\moleware\moleware\x64\debug\ccsplayercontroller.nativecodeanalysis.sarif
c:\users\filip\source\repos\moleware\moleware\x64\debug\ccsplayercontroller.nativecodeanalysis.xml
c:\users\filip\source\repos\moleware\moleware\x64\debug\ccsplayercontroller.obj
c:\users\filip\source\repos\moleware\moleware\x64\debug\cgameentitysystem.nativecodeanalysis.sarif
c:\users\filip\source\repos\moleware\moleware\x64\debug\cgameentitysystem.nativecodeanalysis.xml
c:\users\filip\source\repos\moleware\moleware\x64\debug\cgameentitysystem.obj
c:\users\filip\source\repos\moleware\moleware\x64\debug\hud.nativecodeanalysis.sarif
c:\users\filip\source\repos\moleware\moleware\x64\debug\hud.nativecodeanalysis.xml
c:\users\filip\source\repos\moleware\moleware\x64\debug\hud.obj
c:\users\filip\source\repos\moleware\moleware\x64\debug\schema.nativecodeanalysis.sarif
c:\users\filip\source\repos\moleware\moleware\x64\debug\schema.nativecodeanalysis.xml
c:\users\filip\source\repos\moleware\moleware\x64\debug\schema.obj
c:\users\filip\source\repos\moleware\moleware\x64\debug\cutlbuffer.nativecodeanalysis.sarif
c:\users\filip\source\repos\moleware\moleware\x64\debug\cutlbuffer.nativecodeanalysis.xml
c:\users\filip\source\repos\moleware\moleware\x64\debug\cutlbuffer.obj
c:\users\filip\source\repos\moleware\moleware\x64\debug\fov.nativecodeanalysis.sarif
c:\users\filip\source\repos\moleware\moleware\x64\debug\fov.nativecodeanalysis.xml
c:\users\filip\source\repos\moleware\moleware\x64\debug\fov.obj
c:\users\filip\source\repos\moleware\moleware\x64\debug\hooks.nativecodeanalysis.sarif
c:\users\filip\source\repos\moleware\moleware\x64\debug\hooks.nativecodeanalysis.xml
c:\users\filip\source\repos\moleware\moleware\x64\debug\hooks.obj
c:\users\filip\source\repos\moleware\moleware\x64\debug\main.nativecodeanalysis.sarif
c:\users\filip\source\repos\moleware\moleware\x64\debug\main.nativecodeanalysis.xml
c:\users\filip\source\repos\moleware\moleware\x64\debug\main.obj
c:\users\filip\source\repos\moleware\moleware\x64\debug\imgui_widgets.nativecodeanalysis.sarif
c:\users\filip\source\repos\moleware\moleware\x64\debug\imgui_widgets.nativecodeanalysis.xml
c:\users\filip\source\repos\moleware\moleware\x64\debug\imgui_widgets.obj
c:\users\filip\source\repos\moleware\moleware\x64\debug\aim.nativecodeanalysis.sarif
c:\users\filip\source\repos\moleware\moleware\x64\debug\aim.nativecodeanalysis.xml
c:\users\filip\source\repos\moleware\moleware\x64\debug\aim.obj
c:\users\filip\source\repos\moleware\moleware\x64\debug\viewmatrix.nativecodeanalysis.sarif
c:\users\filip\source\repos\moleware\moleware\x64\debug\viewmatrix.nativecodeanalysis.xml
c:\users\filip\source\repos\moleware\moleware\x64\debug\viewmatrix.obj
c:\users\filip\source\repos\moleware\moleware\x64\debug\menu.nativecodeanalysis.sarif
c:\users\filip\source\repos\moleware\moleware\x64\debug\menu.nativecodeanalysis.xml
c:\users\filip\source\repos\moleware\moleware\x64\debug\menu.obj
c:\users\filip\source\repos\moleware\moleware\x64\debug\imgui_demo.nativecodeanalysis.sarif
c:\users\filip\source\repos\moleware\moleware\x64\debug\imgui_demo.nativecodeanalysis.xml
c:\users\filip\source\repos\moleware\moleware\x64\debug\imgui_demo.obj
c:\users\filip\source\repos\moleware\moleware\x64\debug\ischemaclass.nativecodeanalysis.sarif
c:\users\filip\source\repos\moleware\moleware\x64\debug\ischemaclass.nativecodeanalysis.xml
c:\users\filip\source\repos\moleware\moleware\x64\debug\ischemaclass.obj
c:\users\filip\source\repos\moleware\moleware\x64\debug\chams.nativecodeanalysis.sarif
c:\users\filip\source\repos\moleware\moleware\x64\debug\chams.nativecodeanalysis.xml
c:\users\filip\source\repos\moleware\moleware\x64\debug\chams.obj
c:\users\filip\source\repos\moleware\moleware\x64\debug\math.nativecodeanalysis.sarif
c:\users\filip\source\repos\moleware\moleware\x64\debug\math.nativecodeanalysis.xml
c:\users\filip\source\repos\moleware\moleware\x64\debug\math.obj
c:\users\filip\source\repos\moleware\moleware\x64\debug\vector.nativecodeanalysis.sarif
c:\users\filip\source\repos\moleware\moleware\x64\debug\vector.nativecodeanalysis.xml
c:\users\filip\source\repos\moleware\moleware\x64\debug\vector.obj
c:\users\filip\source\repos\moleware\moleware\x64\debug\gaa.nativecodeanalysis.sarif
c:\users\filip\source\repos\moleware\moleware\x64\debug\gaa.nativecodeanalysis.xml
c:\users\filip\source\repos\moleware\moleware\x64\debug\gaa.obj
c:\users\filip\source\repos\moleware\moleware\x64\debug\patternscan.nativecodeanalysis.sarif
c:\users\filip\source\repos\moleware\moleware\x64\debug\patternscan.nativecodeanalysis.xml
c:\users\filip\source\repos\moleware\moleware\x64\debug\patternscan.obj
c:\users\filip\source\repos\moleware\moleware\x64\debug\vc143.pdb
c:\users\filip\source\repos\moleware\x64\debug\templeware.dll
c:\users\filip\source\repos\moleware\x64\debug\templeware.pdb
c:\users\filip\source\repos\moleware\moleware\x64\debug\minhook.res
c:\users\filip\source\repos\moleware\moleware\x64\debug\templeware.ilk
c:\users\filip\source\repos\moleware\moleware\x64\debug\vc143.idb
c:\users\filip\source\repos\moleware\moleware\x64\debug\vc.nativecodeanalysis.all.xml
c:\users\filip\source\repos\moleware\moleware\x64\debug\moleware.tlog\cl.10832.write.1.tlog
c:\users\filip\source\repos\moleware\moleware\x64\debug\moleware.tlog\cl.command.1.tlog
c:\users\filip\source\repos\moleware\moleware\x64\debug\moleware.tlog\cl.items.tlog
c:\users\filip\source\repos\moleware\moleware\x64\debug\moleware.tlog\cl.read.1.tlog
c:\users\filip\source\repos\moleware\moleware\x64\debug\moleware.tlog\link.command.1.tlog
c:\users\filip\source\repos\moleware\moleware\x64\debug\moleware.tlog\link.read.1.tlog
c:\users\filip\source\repos\moleware\moleware\x64\debug\moleware.tlog\link.secondary.1.tlog
c:\users\filip\source\repos\moleware\moleware\x64\debug\moleware.tlog\link.write.1.tlog
c:\users\filip\source\repos\moleware\moleware\x64\debug\moleware.tlog\rc.command.1.tlog
c:\users\filip\source\repos\moleware\moleware\x64\debug\moleware.tlog\rc.read.1.tlog
c:\users\filip\source\repos\moleware\moleware\x64\debug\moleware.tlog\rc.write.1.tlog
